c:\users\rotaru daniela\desktop\info\poo\aplicatie1\x64\debug\aplicatie1.pch
c:\users\rotaru daniela\desktop\info\poo\aplicatie1\x64\debug\vc143.pdb
c:\users\rotaru daniela\desktop\info\poo\aplicatie1\x64\debug\pch.obj
c:\users\rotaru daniela\desktop\info\poo\aplicatie1\x64\debug\assemblyinfo.obj
c:\users\rotaru daniela\desktop\info\poo\aplicatie1\x64\debug\aplicatie1.obj
c:\users\rotaru daniela\desktop\info\poo\aplicatie1\x64\debug\.netframework,version=v4.7.2.assemblyattributes.obj
c:\users\rotaru daniela\desktop\info\poo\aplicatie1\x64\debug\aplicatie1.exe
c:\users\rotaru daniela\desktop\info\poo\aplicatie1\x64\debug\aplicatie1.pdb
c:\users\rotaru daniela\desktop\info\poo\aplicatie1\x64\debug\app.res
c:\users\rotaru daniela\desktop\info\poo\aplicatie1\x64\debug\aplicatie1.exe.metagen
c:\users\rotaru daniela\desktop\info\poo\aplicatie1\x64\debug\aplicatie1.tlog\cl.command.1.tlog
c:\users\rotaru daniela\desktop\info\poo\aplicatie1\x64\debug\aplicatie1.tlog\cl.items.tlog
c:\users\rotaru daniela\desktop\info\poo\aplicatie1\x64\debug\aplicatie1.tlog\cl.read.1.tlog
c:\users\rotaru daniela\desktop\info\poo\aplicatie1\x64\debug\aplicatie1.tlog\cl.write.1.tlog
c:\users\rotaru daniela\desktop\info\poo\aplicatie1\x64\debug\aplicatie1.tlog\link.command.1.tlog
c:\users\rotaru daniela\desktop\info\poo\aplicatie1\x64\debug\aplicatie1.tlog\link.read.1.tlog
c:\users\rotaru daniela\desktop\info\poo\aplicatie1\x64\debug\aplicatie1.tlog\link.write.1.tlog
c:\users\rotaru daniela\desktop\info\poo\aplicatie1\x64\debug\aplicatie1.tlog\metagen.read.1.tlog
c:\users\rotaru daniela\desktop\info\poo\aplicatie1\x64\debug\aplicatie1.tlog\metagen.write.1.tlog
c:\users\rotaru daniela\desktop\info\poo\aplicatie1\x64\debug\aplicatie1.tlog\rc.command.1.tlog
c:\users\rotaru daniela\desktop\info\poo\aplicatie1\x64\debug\aplicatie1.tlog\rc.read.1.tlog
c:\users\rotaru daniela\desktop\info\poo\aplicatie1\x64\debug\aplicatie1.tlog\rc.write.1.tlog
