c:\users\rotaru daniela\desktop\info\poo\bigbank\x64\debug\bigbank.pch
c:\users\rotaru daniela\desktop\info\poo\bigbank\x64\debug\vc143.pdb
c:\users\rotaru daniela\desktop\info\poo\bigbank\x64\debug\pch.obj
c:\users\rotaru daniela\desktop\info\poo\bigbank\x64\debug\bigbank.obj
c:\users\rotaru daniela\desktop\info\poo\bigbank\x64\debug\assemblyinfo.obj
c:\users\rotaru daniela\desktop\info\poo\bigbank\x64\debug\.netframework,version=v4.7.2.assemblyattributes.obj
c:\users\rotaru daniela\desktop\info\poo\bigbank\x64\debug\savingsaccount.obj
c:\users\rotaru daniela\desktop\info\poo\bigbank\x64\debug\currentaccount.obj
c:\users\rotaru daniela\desktop\info\poo\bigbank\x64\debug\bankaccount.obj
c:\users\rotaru daniela\desktop\info\poo\bigbank\x64\debug\bigbank.exe
c:\users\rotaru daniela\desktop\info\poo\bigbank\x64\debug\bigbank.pdb
c:\users\rotaru daniela\desktop\info\poo\bigbank\x64\debug\app.res
c:\users\rotaru daniela\desktop\info\poo\bigbank\x64\debug\bigbank.exe.metagen
c:\users\rotaru daniela\desktop\info\poo\bigbank\x64\debug\bigbank.tlog\cl.command.1.tlog
c:\users\rotaru daniela\desktop\info\poo\bigbank\x64\debug\bigbank.tlog\cl.items.tlog
c:\users\rotaru daniela\desktop\info\poo\bigbank\x64\debug\bigbank.tlog\cl.read.1.tlog
c:\users\rotaru daniela\desktop\info\poo\bigbank\x64\debug\bigbank.tlog\cl.write.1.tlog
c:\users\rotaru daniela\desktop\info\poo\bigbank\x64\debug\bigbank.tlog\link.command.1.tlog
c:\users\rotaru daniela\desktop\info\poo\bigbank\x64\debug\bigbank.tlog\link.read.1.tlog
c:\users\rotaru daniela\desktop\info\poo\bigbank\x64\debug\bigbank.tlog\link.write.1.tlog
c:\users\rotaru daniela\desktop\info\poo\bigbank\x64\debug\bigbank.tlog\metagen.read.1.tlog
c:\users\rotaru daniela\desktop\info\poo\bigbank\x64\debug\bigbank.tlog\metagen.write.1.tlog
c:\users\rotaru daniela\desktop\info\poo\bigbank\x64\debug\bigbank.tlog\rc.command.1.tlog
c:\users\rotaru daniela\desktop\info\poo\bigbank\x64\debug\bigbank.tlog\rc.read.1.tlog
c:\users\rotaru daniela\desktop\info\poo\bigbank\x64\debug\bigbank.tlog\rc.write.1.tlog
