c:\users\rotaru daniela\desktop\info\poo\animals\x64\debug\animals.pch
c:\users\rotaru daniela\desktop\info\poo\animals\x64\debug\vc143.pdb
c:\users\rotaru daniela\desktop\info\poo\animals\x64\debug\pch.obj
c:\users\rotaru daniela\desktop\info\poo\animals\x64\debug\assemblyinfo.obj
c:\users\rotaru daniela\desktop\info\poo\animals\x64\debug\animals.obj
c:\users\rotaru daniela\desktop\info\poo\animals\x64\debug\.netframework,version=v4.7.2.assemblyattributes.obj
c:\users\rotaru daniela\desktop\info\poo\animals\x64\debug\animals.exe
c:\users\rotaru daniela\desktop\info\poo\animals\x64\debug\animals.pdb
c:\users\rotaru daniela\desktop\info\poo\animals\x64\debug\app.res
c:\users\rotaru daniela\desktop\info\poo\animals\x64\debug\animals.exe.metagen
c:\users\rotaru daniela\desktop\info\poo\animals\x64\debug\animals.tlog\cl.command.1.tlog
c:\users\rotaru daniela\desktop\info\poo\animals\x64\debug\animals.tlog\cl.items.tlog
c:\users\rotaru daniela\desktop\info\poo\animals\x64\debug\animals.tlog\cl.read.1.tlog
c:\users\rotaru daniela\desktop\info\poo\animals\x64\debug\animals.tlog\cl.write.1.tlog
c:\users\rotaru daniela\desktop\info\poo\animals\x64\debug\animals.tlog\link.command.1.tlog
c:\users\rotaru daniela\desktop\info\poo\animals\x64\debug\animals.tlog\link.read.1.tlog
c:\users\rotaru daniela\desktop\info\poo\animals\x64\debug\animals.tlog\link.write.1.tlog
c:\users\rotaru daniela\desktop\info\poo\animals\x64\debug\animals.tlog\metagen.read.1.tlog
c:\users\rotaru daniela\desktop\info\poo\animals\x64\debug\animals.tlog\metagen.write.1.tlog
c:\users\rotaru daniela\desktop\info\poo\animals\x64\debug\animals.tlog\rc.command.1.tlog
c:\users\rotaru daniela\desktop\info\poo\animals\x64\debug\animals.tlog\rc.read.1.tlog
c:\users\rotaru daniela\desktop\info\poo\animals\x64\debug\animals.tlog\rc.write.1.tlog
